2017-12-19 14:21:53 [127.0.0.1][22771][-][error][RedisException] RedisException: Redis server went away in D:\wamp\www\fenxiao\helpers\MyRedis.php:100
Stack trace:
#0 D:\wamp\www\fenxiao\helpers\MyRedis.php(100): Redis->get('3')
#1 D:\wamp\www\fenxiao\controllers\InvitationController.php(37): app\helpers\MyRedis->get('3')
#2 [internal function]: app\controllers\InvitationController->actionIndex()
#3 D:\wamp\www\fenxiao\vendor\yiisoft\yii2\base\InlineAction.php(55): call_user_func_array(Array, Array)
#4 D:\wamp\www\fenxiao\vendor\yiisoft\yii2\base\Controller.php(154): yii\base\InlineAction->runWithParams(Array)
#5 D:\wamp\www\fenxiao\vendor\yiisoft\yii2\base\Module.php(454): yii\base\Controller->runAction('index', Array)
#6 D:\wamp\www\fenxiao\vendor\yiisoft\yii2\web\Application.php(84): yii\base\Module->runAction('invitation/inde...', Array)
#7 D:\wamp\www\fenxiao\vendor\yiisoft\yii2\base\Application.php(376): yii\web\Application->handleRequest(Object(yii\web\Request))
#8 D:\wamp\www\fenxiao\web\index.php(14): yii\base\Application->run()
#9 {main}
2017-12-19 14:21:52 [127.0.0.1][22771][-][info][application] $_GET = [
    'p' => '3'
]

$_COOKIE = [
    '_utoken' => 'be4a6b351d01002a398e5949e068d52be76f72005bd0924fbc308ae18d45da19a:2:{i:0;s:7:\"_utoken\";i:1;s:192:\"ap0dt+mBmilX91K4lgoEgGU4NzRhMGYyZmUwOWY2OTk5N2UwZmYyMTc0Mjc4YThkNDIxMzhkMzUyNmRmNzQ4NTM3ZWVmM2E1NzQwYjRiMmOKp6sNj78Am/alPv3xk/AU3CBy3eo3plIqk1ooiPPMr79ZkjCnYTwybht/uVIj19hSDozXhD4qQdZFuFVfCyeY\";}'
]

$_SERVER = [
    'ACLOCAL_PATH' => 'D:\\Git\\mingw64\\share\\aclocal;D:\\Git\\usr\\share\\aclocal'
    'ALLUSERSPROFILE' => 'C:\\ProgramData'
    'APPDATA' => 'C:\\Users\\ROSE\\AppData\\Roaming'
    'COMMONPROGRAMFILES' => 'C:\\Program Files\\Common Files'
    'COMPUTERNAME' => 'LAPTOP-4MIAC2GB'
    'COMSPEC' => 'C:\\WINDOWS\\system32\\cmd.exe'
    'CONFIG_SITE' => 'D:/Git/mingw64/etc/config.site'
    'Classpath' => 'D:\\LINGO17\\Lingo17.jar'
    'CommonProgramFiles(x86)' => 'C:\\Program Files (x86)\\Common Files'
    'CommonProgramW6432' => 'C:\\Program Files\\Common Files'
    'DISPLAY' => 'needs-to-be-defined'
    'EXEPATH' => 'D:\\Git'
    'FPS_BROWSER_APP_PROFILE_STRING' => 'Internet Explorer'
    'FPS_BROWSER_USER_PROFILE_STRING' => 'Default'
    'HOME' => 'C:\\Users\\ROSE'
    'HOMEDRIVE' => 'C:'
    'HOMEPATH' => '\\Users\\ROSE'
    'HOSTNAME' => 'LAPTOP-4MIAC2GB'
    'INFOPATH' => 'D:\\Git\\usr\\local\\info;D:\\Git\\usr\\share\\info;D:\\Git\\usr\\info;D:\\Git\\share\\info'
    'LANG' => 'zh_CN.UTF-8'
    'LINGO_17_HOME' => 'D:\\LINGO17\\'
    'LOCALAPPDATA' => 'C:\\Users\\ROSE\\AppData\\Local'
    'LOGONSERVER' => '\\\\LAPTOP-4MIAC2GB'
    'MANPATH' => 'D:\\Git\\mingw64\\share\\man;D:\\Git\\usr\\local\\man;D:\\Git\\usr\\share\\man;D:\\Git\\usr\\man;D:\\Git\\share\\man'
    'MINGW_CHOST' => 'x86_64-w64-mingw32'
    'MINGW_PACKAGE_PREFIX' => 'mingw-w64-x86_64'
    'MINGW_PREFIX' => 'D:/Git/mingw64'
    'MSYSTEM' => 'MINGW64'
    'MSYSTEM_CARCH' => 'x86_64'
    'MSYSTEM_CHOST' => 'x86_64-w64-mingw32'
    'MSYSTEM_PREFIX' => 'D:/Git/mingw64'
    'NUMBER_OF_PROCESSORS' => '4'
    'ORIGINAL_PATH' => 'D:\\Git\\mingw64\\bin;D:\\Git\\usr\\bin;C:\\Users\\ROSE\\bin;D:\\oracledb\\product\\11.2.0\\dbhome_1\\bin;D:\\oracle;D:\\oracle\\product\\10.2.0\\client_1;C:\\Program Files (x86)\\Intel\\iCLS Client;C:\\Program Files\\Intel\\iCLS Client;C:\\Windows\\system32;C:\\Windows;C:\\Windows\\System32\\Wbem;C:\\Windows\\System32\\WindowsPowerShell\\v1.0;C:\\Program Files (x86)\\NVIDIA Corporation\\PhysX\\Common;C:\\Program Files (x86)\\Intel\\Intel(R) Management Engine Components\\DAL;C:\\Program Files\\Intel\\Intel(R) Management Engine Components\\DAL;C:\\Program Files (x86)\\Intel\\Intel(R) Management Engine Components\\IPT;C:\\Program Files\\Intel\\Intel(R) Management Engine Components\\IPT;D:\\wamp\\mysql5.7\\bin;D:\\wamp\\php53n\\ext;C:\\Program Files\\VisualSVN Server\\bin;C:\\Program Files\\TortoiseSVN\\bin;C:\\Program Files\\Intel\\WiFi\\bin;C:\\Program Files\\Common Files\\Intel\\WirelessCommon;C:\\WINDOWS\\system32;C:\\WINDOWS;C:\\WINDOWS\\System32\\Wbem;C:\\WINDOWS\\System32\\WindowsPowerShell\\v1.0;D:\\Git\\cmd;D:\\wamp\\ComposerSetup;C:\\composer;D:\\wamp\\php7016n;D:\\Program Files\\PuTTY;D:\\LINGO17;C:\\Program Files\\Intel\\WiFi\\bin;C:\\Program Files\\Common Files\\Intel\\WirelessCommon;C:\\Users\\ROSE\\AppData\\Local\\Microsoft\\WindowsApps;C:\\Users\\ROSE\\AppData\\Roaming\\Composer\\vendor\\bin'
    'ORIGINAL_TEMP' => 'C:/Users/ROSE/AppData/Local/Temp'
    'ORIGINAL_TMP' => 'C:/Users/ROSE/AppData/Local/Temp'
    'OS' => 'Windows_NT'
    'OneDrive' => 'C:\\Users\\ROSE\\OneDrive'
    'PATH' => 'C:\\Users\\ROSE\\bin;D:\\Git\\mingw64\\bin;D:\\Git\\usr\\local\\bin;D:\\Git\\usr\\bin;D:\\Git\\usr\\bin;D:\\Git\\mingw64\\bin;D:\\Git\\usr\\bin;C:\\Users\\ROSE\\bin;D:\\oracledb\\product\\11.2.0\\dbhome_1\\bin;D:\\oracle;D:\\oracle\\product\\10.2.0\\client_1;C:\\Program Files (x86)\\Intel\\iCLS Client;C:\\Program Files\\Intel\\iCLS Client;C:\\Windows\\system32;C:\\Windows;C:\\Windows\\System32\\Wbem;C:\\Windows\\System32\\WindowsPowerShell\\v1.0;C:\\Program Files (x86)\\NVIDIA Corporation\\PhysX\\Common;C:\\Program Files (x86)\\Intel\\Intel(R) Management Engine Components\\DAL;C:\\Program Files\\Intel\\Intel(R) Management Engine Components\\DAL;C:\\Program Files (x86)\\Intel\\Intel(R) Management Engine Components\\IPT;C:\\Program Files\\Intel\\Intel(R) Management Engine Components\\IPT;D:\\wamp\\mysql5.7\\bin;D:\\wamp\\php53n\\ext;C:\\Program Files\\VisualSVN Server\\bin;C:\\Program Files\\TortoiseSVN\\bin;C:\\Program Files\\Intel\\WiFi\\bin;C:\\Program Files\\Common Files\\Intel\\WirelessCommon;C:\\WINDOWS\\system32;C:\\WINDOWS;C:\\WINDOWS\\System32\\Wbem;C:\\WINDOWS\\System32\\WindowsPowerShell\\v1.0;D:\\Git\\cmd;D:\\wamp\\ComposerSetup;C:\\composer;D:\\wamp\\php7016n;D:\\Program Files\\PuTTY;D:\\LINGO17;C:\\Program Files\\Intel\\WiFi\\bin;C:\\Program Files\\Common Files\\Intel\\WirelessCommon;C:\\Users\\ROSE\\AppData\\Local\\Microsoft\\WindowsApps;C:\\Users\\ROSE\\AppData\\Roaming\\Composer\\vendor\\bin;D:\\Git\\usr\\bin\\vendor_perl;D:\\Git\\usr\\bin\\core_perl'
    'PATHEXT' => '.COM;.EXE;.BAT;.CMD;.VBS;.VBE;.JS;.JSE;.WSF;.WSH;.MSC'
    'PKG_CONFIG_PATH' => 'D:\\Git\\mingw64\\lib\\pkgconfig;D:\\Git\\mingw64\\share\\pkgconfig'
    'PLINK_PROTOCOL' => 'ssh'
    'PROCESSOR_ARCHITECTURE' => 'AMD64'
    'PROCESSOR_IDENTIFIER' => 'Intel64 Family 6 Model 78 Stepping 3, GenuineIntel'
    'PROCESSOR_LEVEL' => '6'
    'PROCESSOR_REVISION' => '4e03'
    'PROGRAMFILES' => 'C:\\Program Files'
    'PROMPT' => '$P$G'
    'PS1' => '\\[\\033]0;$TITLEPREFIX:${PWD//[^[:ascii:]]/?}\\007\\]\\n\\[\\033[32m\\]\\u@\\h \\[\\033[35m\\]$MSYSTEM \\[\\033[33m\\]\\w\\[\\033[36m\\]`__git_ps1`\\[\\033[0m\\]\\n$ '
    'PSModulePath' => 'C:\\Program Files\\WindowsPowerShell\\Modules;C:\\WINDOWS\\system32\\WindowsPowerShell\\v1.0\\Modules;C:\\Program Files\\VisualSVN Server\\PowerShellModules'
    'PUBLIC' => 'C:\\Users\\Public'
    'PWD' => 'D:/wamp/php7016n'
    'ProgramData' => 'C:\\ProgramData'
    'ProgramFiles(x86)' => 'C:\\Program Files (x86)'
    'ProgramW6432' => 'C:\\Program Files'
    'SESSIONNAME' => 'Console'
    'SHELL' => 'D:\\Git\\usr\\bin\\bash.exe'
    'SHLVL' => '1'
    'SSH_ASKPASS' => 'D:/Git/mingw64/libexec/git-core/git-gui--askpass'
    'SYSTEMDRIVE' => 'C:'
    'SYSTEMROOT' => 'C:\\WINDOWS'
    'TEMP' => 'C:\\Users\\ROSE\\AppData\\Local\\Temp'
    'TERM' => 'cygwin'
    'TMP' => 'C:\\Users\\ROSE\\AppData\\Local\\Temp'
    'TMPDIR' => 'C:\\Users\\ROSE\\AppData\\Local\\Temp'
    'USERDOMAIN' => 'LAPTOP-4MIAC2GB'
    'USERDOMAIN_ROAMINGPROFILE' => 'LAPTOP-4MIAC2GB'
    'USERNAME' => 'ROSE'
    'USERPROFILE' => 'C:\\Users\\ROSE'
    'VISUALSVN_SERVER' => 'C:\\Program Files\\VisualSVN Server\\'
    'WINDIR' => 'C:\\WINDOWS'
    '_' => './php-cgi.exe'
    'HTTP_COOKIE' => '_utoken=be4a6b351d01002a398e5949e068d52be76f72005bd0924fbc308ae18d45da19a%3A2%3A%7Bi%3A0%3Bs%3A7%3A%22_utoken%22%3Bi%3A1%3Bs%3A192%3A%22ap0dt%2BmBmilX91K4lgoEgGU4NzRhMGYyZmUwOWY2OTk5N2UwZmYyMTc0Mjc4YThkNDIxMzhkMzUyNmRmNzQ4NTM3ZWVmM2E1NzQwYjRiMmOKp6sNj78Am%2FalPv3xk%2FAU3CBy3eo3plIqk1ooiPPMr79ZkjCnYTwybht%2FuVIj19hSDozXhD4qQdZFuFVfCyeY%22%3B%7D'
    'HTTP_ACCEPT_LANGUAGE' => 'zh-CN,zh;q=0.8'
    'HTTP_ACCEPT_ENCODING' => 'gzip, deflate, sdch'
    'HTTP_REFERER' => 'http://fenxiao.com/default/index'
    'HTTP_ACCEPT' => 'text/html,application/xhtml+xml,application/xml;q=0.9,image/webp,*/*;q=0.8'
    'HTTP_USER_AGENT' => 'Mozilla/5.0 (iPhone; CPU iPhone OS 9_1 like Mac OS X) AppleWebKit/601.1.46 (KHTML, like Gecko) Version/9.0 Mobile/13B143 Safari/601.1'
    'HTTP_UPGRADE_INSECURE_REQUESTS' => '1'
    'HTTP_CONNECTION' => 'keep-alive'
    'HTTP_HOST' => 'fenxiao.com'
    'REDIRECT_STATUS' => '200'
    'SERVER_NAME' => 'fenxiao.com'
    'SERVER_PORT' => '80'
    'SERVER_ADDR' => '127.0.0.1'
    'REMOTE_PORT' => '50814'
    'REMOTE_ADDR' => '127.0.0.1'
    'SERVER_SOFTWARE' => 'nginx/1.12.1'
    'GATEWAY_INTERFACE' => 'CGI/1.1'
    'REQUEST_SCHEME' => 'http'
    'SERVER_PROTOCOL' => 'HTTP/1.1'
    'DOCUMENT_ROOT' => 'D:/wamp/www/fenxiao/web'
    'DOCUMENT_URI' => '/index.php'
    'REQUEST_URI' => '/invitation/index?p=3'
    'SCRIPT_NAME' => '/index.php'
    'CONTENT_LENGTH' => ''
    'CONTENT_TYPE' => ''
    'REQUEST_METHOD' => 'GET'
    'QUERY_STRING' => 'p=3'
    'SCRIPT_FILENAME' => 'D:/wamp/www/fenxiao/web/index.php'
    'FCGI_ROLE' => 'RESPONDER'
    'PHP_SELF' => '/index.php'
    'REQUEST_TIME_FLOAT' => 1513664512.089
    'REQUEST_TIME' => 1513664512
]
